<?xml version="1.0" encoding="UTF-8"?>
<!-- Generated by org.testng.reporters.JUnitReportReporter -->
<testsuite skipped="0" hostname="manju-PC" name="test.MsmAccessibility" tests="1" failures="0" timestamp="09 Aug 2018 17:41:58 GMT" time="45.604" errors="1">
  <testcase name="accessibilityExample" time="45.604" classname="test.MsmAccessibility">
    <error type="org.openqa.selenium.WebDriverException" message="An unknown server-side error occurred while processing the command. Original error: The swipe did not complete successfully (WARNING: The server did not provide any stacktrace information)
Command duration or timeout: 171 milliseconds
Build info: version: &#039;3.3.1&#039;, revision: &#039;5234b325d5&#039;, time: &#039;2017-03-10 09:10:29 +0000&#039;
System info: host: &#039;MANJU-PC&#039;, ip: &#039;192.168.1.4&#039;, os.name: &#039;Windows 7&#039;, os.arch: &#039;amd64&#039;, os.version: &#039;6.1&#039;, java.version: &#039;1.8.0_111&#039;
Driver info: io.appium.java_client.android.AndroidDriver
Capabilities [{appPackage=com.aetherpal.enterprise, noReset=true, dontStopAppOnReset=false, deviceName=03157df3836e0e1b, fullReset=false, platform=ANDROID, deviceUDID=03157df3836e0e1b, desired={appPackage=com.aetherpal.enterprise, appActivity=com.aetherpal.smartcare.ValetScueActivity, noReset=true, dontStopAppOnReset=false, newCommandTimeout=0, appWaitActivity=com.aetherpal.smartcare.ValetScueActivity, browserName=android, platformName=Android, version=8.0.0, deviceName=LGH931391140be, fullReset=false, platform=ANDROID}, newCommandTimeout=0, platformVersion=7.0, webStorageEnabled=false, takesScreenshot=true, browserName=android, javascriptEnabled=true, platformName=Android, deviceManufacturer=samsung, deviceScreenSize=1440x2560, networkConnectionEnabled=true, warnings={}, appWaitActivity=com.aetherpal.smartcare.ValetScueActivity, databaseEnabled=false, version=8.0.0, appActivity=com.aetherpal.smartcare.ValetScueActivity, locationContextEnabled=false, deviceModel=SAMSUNG-SM-G890A}]
Session ID: 85a32001-1dbb-41e5-96e6-7489fbe801b1">
      <![CDATA[org.openqa.selenium.WebDriverException: An unknown server-side error occurred while processing the command. Original error: The swipe did not complete successfully (WARNING: The server did not provide any stacktrace information)
Command duration or timeout: 171 milliseconds
Build info: version: '3.3.1', revision: '5234b325d5', time: '2017-03-10 09:10:29 +0000'
System info: host: 'MANJU-PC', ip: '192.168.1.4', os.name: 'Windows 7', os.arch: 'amd64', os.version: '6.1', java.version: '1.8.0_111'
Driver info: io.appium.java_client.android.AndroidDriver
Capabilities [{appPackage=com.aetherpal.enterprise, noReset=true, dontStopAppOnReset=false, deviceName=03157df3836e0e1b, fullReset=false, platform=ANDROID, deviceUDID=03157df3836e0e1b, desired={appPackage=com.aetherpal.enterprise, appActivity=com.aetherpal.smartcare.ValetScueActivity, noReset=true, dontStopAppOnReset=false, newCommandTimeout=0, appWaitActivity=com.aetherpal.smartcare.ValetScueActivity, browserName=android, platformName=Android, version=8.0.0, deviceName=LGH931391140be, fullReset=false, platform=ANDROID}, newCommandTimeout=0, platformVersion=7.0, webStorageEnabled=false, takesScreenshot=true, browserName=android, javascriptEnabled=true, platformName=Android, deviceManufacturer=samsung, deviceScreenSize=1440x2560, networkConnectionEnabled=true, warnings={}, appWaitActivity=com.aetherpal.smartcare.ValetScueActivity, databaseEnabled=false, version=8.0.0, appActivity=com.aetherpal.smartcare.ValetScueActivity, locationContextEnabled=false, deviceModel=SAMSUNG-SM-G890A}]
Session ID: 85a32001-1dbb-41e5-96e6-7489fbe801b1
	at sun.reflect.NativeConstructorAccessorImpl.newInstance0(Native Method)
	at sun.reflect.NativeConstructorAccessorImpl.newInstance(Unknown Source)
	at sun.reflect.DelegatingConstructorAccessorImpl.newInstance(Unknown Source)
	at java.lang.reflect.Constructor.newInstance(Unknown Source)
	at org.openqa.selenium.remote.ErrorHandler.createThrowable(ErrorHandler.java:216)
	at org.openqa.selenium.remote.ErrorHandler.throwIfResponseFailed(ErrorHandler.java:168)
	at org.openqa.selenium.remote.RemoteWebDriver.execute(RemoteWebDriver.java:638)
	at io.appium.java_client.DefaultGenericMobileDriver.execute(DefaultGenericMobileDriver.java:42)
	at io.appium.java_client.AppiumDriver.execute(AppiumDriver.java:1)
	at io.appium.java_client.android.AndroidDriver.execute(AndroidDriver.java:1)
	at io.appium.java_client.AppiumDriver.performTouchAction(AppiumDriver.java:324)
	at io.appium.java_client.TouchAction.perform(TouchAction.java:301)
	at io.appium.java_client.AppiumDriver.swipe(AppiumDriver.java:379)
	at test.MsmAccessibility.accessibilityExample(MsmAccessibility.java:48)
	at sun.reflect.NativeMethodAccessorImpl.invoke0(Native Method)
	at sun.reflect.NativeMethodAccessorImpl.invoke(Unknown Source)
	at sun.reflect.DelegatingMethodAccessorImpl.invoke(Unknown Source)
	at java.lang.reflect.Method.invoke(Unknown Source)
	at org.testng.internal.MethodInvocationHelper.invokeMethod(MethodInvocationHelper.java:108)
	at org.testng.internal.Invoker.invokeMethod(Invoker.java:661)
	at org.testng.internal.Invoker.invokeTestMethod(Invoker.java:869)
	at org.testng.internal.Invoker.invokeTestMethods(Invoker.java:1193)
	at org.testng.internal.TestMethodWorker.invokeTestMethods(TestMethodWorker.java:126)
	at org.testng.internal.TestMethodWorker.run(TestMethodWorker.java:109)
	at org.testng.TestRunner.privateRun(TestRunner.java:744)
	at org.testng.TestRunner.run(TestRunner.java:602)
	at org.testng.SuiteRunner.runTest(SuiteRunner.java:380)
	at org.testng.SuiteRunner.runSequentially(SuiteRunner.java:375)
	at org.testng.SuiteRunner.privateRun(SuiteRunner.java:340)
	at org.testng.SuiteRunner.run(SuiteRunner.java:289)
	at org.testng.SuiteRunnerWorker.runSuite(SuiteRunnerWorker.java:52)
	at org.testng.SuiteRunnerWorker.run(SuiteRunnerWorker.java:86)
	at org.testng.TestNG.runSuitesSequentially(TestNG.java:1301)
	at org.testng.TestNG.runSuitesLocally(TestNG.java:1226)
	at org.testng.TestNG.runSuites(TestNG.java:1144)
	at org.testng.TestNG.run(TestNG.java:1115)
	at org.testng.remote.AbstractRemoteTestNG.run(AbstractRemoteTestNG.java:132)
	at org.testng.remote.RemoteTestNG.initAndRun(RemoteTestNG.java:236)
	at org.testng.remote.RemoteTestNG.main(RemoteTestNG.java:81)
]]>
    </error>
  </testcase> <!-- accessibilityExample -->
</testsuite> <!-- test.MsmAccessibility -->
