<?xml version="1.0" encoding="UTF-8"?>
<!-- Generated by org.testng.reporters.JUnitReportReporter -->
<testsuite skipped="0" hostname="manju-PC" name="test.LaunchApp" tests="1" failures="0" timestamp="02 Jul 2018 17:26:42 GMT" time="38.360" errors="0">
  <testcase name="test" time="38.360" classname="test.LaunchApp"/>
</testsuite> <!-- test.LaunchApp -->
