<?xml version="1.0" encoding="UTF-8"?>
<!-- Generated by org.testng.reporters.JUnitReportReporter -->
<testsuite skipped="0" hostname="manju-PC" name="feature.MSMEnroll" tests="1" failures="0" timestamp="09 Aug 2018 19:21:52 GMT" time="26.268" errors="1">
  <testcase name="accessibilityExample" time="26.268" classname="feature.MSMEnroll">
    <error type="java.lang.IllegalAccessError" message="tried to access method org.apache.poi.util.POILogger.log(ILjava/lang/Object;)V from class org.apache.poi.openxml4j.opc.PackageRelationshipCollection">
      <![CDATA[java.lang.IllegalAccessError: tried to access method org.apache.poi.util.POILogger.log(ILjava/lang/Object;)V from class org.apache.poi.openxml4j.opc.PackageRelationshipCollection
	at org.apache.poi.openxml4j.opc.PackageRelationshipCollection.parseRelationshipsPart(PackageRelationshipCollection.java:304)
	at org.apache.poi.openxml4j.opc.PackageRelationshipCollection.<init>(PackageRelationshipCollection.java:156)
	at org.apache.poi.openxml4j.opc.PackageRelationshipCollection.<init>(PackageRelationshipCollection.java:124)
	at org.apache.poi.openxml4j.opc.PackagePart.loadRelationships(PackagePart.java:559)
	at org.apache.poi.openxml4j.opc.PackagePart.<init>(PackagePart.java:112)
	at org.apache.poi.openxml4j.opc.PackagePart.<init>(PackagePart.java:83)
	at org.apache.poi.openxml4j.opc.PackagePart.<init>(PackagePart.java:128)
	at org.apache.poi.openxml4j.opc.ZipPackagePart.<init>(ZipPackagePart.java:78)
	at org.apache.poi.openxml4j.opc.ZipPackage.getPartsImpl(ZipPackage.java:218)
	at org.apache.poi.openxml4j.opc.OPCPackage.getParts(OPCPackage.java:662)
	at org.apache.poi.openxml4j.opc.OPCPackage.open(OPCPackage.java:269)
	at org.apache.poi.util.PackageHelper.open(PackageHelper.java:39)
	at org.apache.poi.xssf.usermodel.XSSFWorkbook.<init>(XSSFWorkbook.java:204)
	at feature.MSMEnroll.accessibilityExample(MSMEnroll.java:72)
	at sun.reflect.NativeMethodAccessorImpl.invoke0(Native Method)
	at sun.reflect.NativeMethodAccessorImpl.invoke(Unknown Source)
	at sun.reflect.DelegatingMethodAccessorImpl.invoke(Unknown Source)
	at java.lang.reflect.Method.invoke(Unknown Source)
	at org.testng.internal.MethodInvocationHelper.invokeMethod(MethodInvocationHelper.java:108)
	at org.testng.internal.Invoker.invokeMethod(Invoker.java:661)
	at org.testng.internal.Invoker.invokeTestMethod(Invoker.java:869)
	at org.testng.internal.Invoker.invokeTestMethods(Invoker.java:1193)
	at org.testng.internal.TestMethodWorker.invokeTestMethods(TestMethodWorker.java:126)
	at org.testng.internal.TestMethodWorker.run(TestMethodWorker.java:109)
	at org.testng.TestRunner.privateRun(TestRunner.java:744)
	at org.testng.TestRunner.run(TestRunner.java:602)
	at org.testng.SuiteRunner.runTest(SuiteRunner.java:380)
	at org.testng.SuiteRunner.runSequentially(SuiteRunner.java:375)
	at org.testng.SuiteRunner.privateRun(SuiteRunner.java:340)
	at org.testng.SuiteRunner.run(SuiteRunner.java:289)
	at org.testng.SuiteRunnerWorker.runSuite(SuiteRunnerWorker.java:52)
	at org.testng.SuiteRunnerWorker.run(SuiteRunnerWorker.java:86)
	at org.testng.TestNG.runSuitesSequentially(TestNG.java:1301)
	at org.testng.TestNG.runSuitesLocally(TestNG.java:1226)
	at org.testng.TestNG.runSuites(TestNG.java:1144)
	at org.testng.TestNG.run(TestNG.java:1115)
	at org.testng.remote.AbstractRemoteTestNG.run(AbstractRemoteTestNG.java:132)
	at org.testng.remote.RemoteTestNG.initAndRun(RemoteTestNG.java:236)
	at org.testng.remote.RemoteTestNG.main(RemoteTestNG.java:81)
]]>
    </error>
  </testcase> <!-- accessibilityExample -->
</testsuite> <!-- feature.MSMEnroll -->
