<?xml version="1.0" encoding="UTF-8"?>
<!-- Generated by org.testng.reporters.JUnitReportReporter -->
<testsuite skipped="0" hostname="manju-PC" name="pojo_learning.LoginToEmail" tests="1" failures="0" timestamp="26 Sep 2019 17:47:40 GMT" time="0.837" errors="0">
  <testcase name="readDataTest" time="0.837" classname="pojo_learning.LoginToEmail"/>
</testsuite> <!-- pojo_learning.LoginToEmail -->
