<?xml version="1.0" encoding="UTF-8"?>
<!-- Generated by org.testng.reporters.JUnitReportReporter -->
<testsuite skipped="0" hostname="manju-PC" name="feature.PlayStore" tests="1" failures="0" timestamp="01 Aug 2018 03:10:11 GMT" time="29.579" errors="0">
  <testcase name="SearchGame" time="29.579" classname="feature.PlayStore"/>
</testsuite> <!-- feature.PlayStore -->
